{"/home/mskramst/Code/ts/ts-starter-latest/src/Player.ts": {"path":"/home/mskramst/Code/ts/ts-starter-latest/src/Player.ts","statementMap":{"0":{"start":{"line":8,"column":28},"end":{"line":21,"column":1}},"1":{"start":{"line":10,"column":22},"end":{"line":12,"column":3}},"2":{"start":{"line":11,"column":3},"end":{"line":11,"column":24}},"3":{"start":{"line":14,"column":2},"end":{"line":19,"column":4}},"4":{"start":{"line":8,"column":13},"end":{"line":8,"column":28}},"5":{"start":{"line":24,"column":19},"end":{"line":26,"column":1}},"6":{"start":{"line":25,"column":2},"end":{"line":25,"column":null}},"7":{"start":{"line":24,"column":13},"end":{"line":24,"column":19}}},"fnMap":{"0":{"name":"(anonymous_0)","decl":{"start":{"line":8,"column":28},"end":{"line":8,"column":29}},"loc":{"start":{"line":8,"column":65},"end":{"line":21,"column":1}}},"1":{"name":"(anonymous_1)","decl":{"start":{"line":10,"column":22},"end":{"line":10,"column":25}},"loc":{"start":{"line":10,"column":27},"end":{"line":12,"column":3}}},"2":{"name":"(anonymous_2)","decl":{"start":{"line":24,"column":19},"end":{"line":24,"column":20}},"loc":{"start":{"line":24,"column":54},"end":{"line":26,"column":1}}}},"branchMap":{},"s":{"0":1,"1":1,"2":2,"3":1,"4":1,"5":1,"6":1,"7":1},"f":{"0":1,"1":2,"2":1},"b":{}}
}
